================================================================================
 MERALCO Network Health Check Logger v2.3.0
 Phase: postcheck
================================================================================
 Hostname:     SR202
 IP Address:   172.10.1.202
 Device Type:  ASR903
 Detected OS:  IOS-XE
 Command File: command_iosxe.txt
 Timestamp:    2026-01-23 13:51:05
================================================================================

--------------------------------------------------------------------------------
 Command: show version
--------------------------------------------------------------------------------
(no output)

--------------------------------------------------------------------------------
 Command: show platform
--------------------------------------------------------------------------------
(no output)

--------------------------------------------------------------------------------
 Command: show inventory
--------------------------------------------------------------------------------
(no output)

--------------------------------------------------------------------------------
 Command: show redundancy
--------------------------------------------------------------------------------
(no output)

--------------------------------------------------------------------------------
 Command: show ip interface brief
--------------------------------------------------------------------------------
(no output)

--------------------------------------------------------------------------------
 Command: show interfaces description
--------------------------------------------------------------------------------
(no output)

--------------------------------------------------------------------------------
 Command: show interfaces status
--------------------------------------------------------------------------------
(no output)

--------------------------------------------------------------------------------
 Command: show ip ospf neighbor
--------------------------------------------------------------------------------
(no output)

--------------------------------------------------------------------------------
 Command: show ip ospf interface brief
--------------------------------------------------------------------------------
(no output)

--------------------------------------------------------------------------------
 Command: show bgp summary
--------------------------------------------------------------------------------
(no output)

--------------------------------------------------------------------------------
 Command: show bgp vpnv4 unicast all summary
--------------------------------------------------------------------------------
(no output)

--------------------------------------------------------------------------------
 Command: show mpls ldp neighbor
--------------------------------------------------------------------------------
(no output)

--------------------------------------------------------------------------------
 Command: show mpls forwarding-table summary
--------------------------------------------------------------------------------
(no output)

--------------------------------------------------------------------------------
 Command: show mpls interfaces
--------------------------------------------------------------------------------
(no output)

--------------------------------------------------------------------------------
 Command: show vrf
--------------------------------------------------------------------------------
(no output)

--------------------------------------------------------------------------------
 Command: show ip route vrf * summary
--------------------------------------------------------------------------------
(no output)

--------------------------------------------------------------------------------
 Command: show xconnect all
--------------------------------------------------------------------------------
(no output)

--------------------------------------------------------------------------------
 Command: show l2vpn service all
--------------------------------------------------------------------------------
(no output)

--------------------------------------------------------------------------------
 Command: show bfd neighbors
--------------------------------------------------------------------------------
(no output)

--------------------------------------------------------------------------------
 Command: show logging | tail 50
--------------------------------------------------------------------------------
(no output)

--------------------------------------------------------------------------------
 Command: show running-config
--------------------------------------------------------------------------------
(no output)

================================================================================
