================================================================================
 MERALCO Network Health Check Logger v2.3.0
 Phase: precheck
================================================================================
 Hostname:     SR203
 IP Address:   172.10.1.203
 Device Type:  ASR903
 Detected OS:  IOS-XE
 Command File: command_iosxe.txt
 Timestamp:    2026-01-23 14:43:40
================================================================================

--------------------------------------------------------------------------------
 Command: show version
--------------------------------------------------------------------------------
it on this terminal by typing
Cisco IOS Software, IOSv Software (VIOS-ADVENTERPRISEK9-M), Version 15.9(3)M4, RELEASE SOFTWARE (fc3)
Technical Support: http://www.cisco.com/techsupport
Copyright (c) 1986-2021 by Cisco Systems, Inc.
Compiled Wed 04-Aug-21 08:13 by mcpre
ROM: Bootstrap program is IOSv
SRT203 uptime is 2 weeks, 1 day, 10 hours, 34 minutes
System returned to ROM by reload
System image file is "flash0:/vios-adventerprisek9-m"
Last reload reason: Unknown reason
This product contains cryptographic features and is subject to United
States and local country laws governing import, export, transfer and
use. Delivery of Cisco cryptographic products does not imply
third-party authority to import, export, distribute or use encryption.
Importers, exporters, distributors and users are responsible for
compliance with U.S. and local country laws. By using this product you
agree to comply with applicable laws and regulations. If you are unable
to comply with U.S. and local laws, return this product immediately.
A summary of U.S. laws governing Cisco cryptographic products may be found at:
http://www.cisco.com/wwl/export/crypto/tool/stqrg.html
If you require further assistance please contact us by sending email to
export@cisco.com.
Cisco IOSv (revision 1.0) with  with 460013K/62464K bytes of memory.
Processor board ID 9Q19H2PS2T2DN6JPYKG5Y
4 Gigabit Ethernet interfaces
DRAM configuration is 72 bits wide with parity disabled.
256K bytes of non-volatile configuration memory.
2097152K bytes of ATA System CompactFlash 0 (Read/Write)
0K bytes of ATA CompactFlash 1 (Read/Write)
11264K bytes of ATA CompactFlash 2 (Read/Write)
0K bytes of ATA CompactFlash 3 (Read/Write)
Configuration register is 0x0
SRT203#echo

--------------------------------------------------------------------------------
 Command: show platform
--------------------------------------------------------------------------------
it on this terminal by typing
Cisco IOS Software, IOSv Software (VIOS-ADVENTERPRISEK9-M), Version 15.9(3)M4, RELEASE SOFTWARE (fc3)
Technical Support: http://www.cisco.com/techsupport
Copyright (c) 1986-2021 by Cisco Systems, Inc.
Compiled Wed 04-Aug-21 08:13 by mcpre
Disk: flash0: 16 heads, 4161 cylinders, 512 sector size
  Device    Boot Sec/Cl StartS  EndS         System
  fatdisk    *     8    63      4193279 FAT32 LBA(12) 1.99GB
  Total size 1.99GB, 2146927104 bytes, sectors 4193217
GRUB multiboot info:
  IOMEM percent       '25'
  Boot loader         'GRUB 2.00'
  Command line        '/vios-adventerprisek9-m'
  Memory size         510Mb, low 639K, high 523116K
  Multiboot info      0x06A6AC70, flags 0x00000247
  Boot device         0x8000FFFF
  Memory map          0x06A6AECE (168 bytes)
    0x00000000 .. 0x0009FBFF (     639K, available)
    0x0009FC00 .. 0x0009FFFF (       1K, reserved)
    0x000F0000 .. 0x000FFFFF (      64K, reserved)
    0x00100000 .. 0x1FFDAFFF (  523116K, available)
    0x1FFDB000 .. 0x1FFFFFFF (     148K, reserved)
    0xFEFFC000 .. 0xFEFFFFFF (      16K, reserved)
    0xFFFC0000 .. 0xFFFFFFFF (     256K, reserved)
Linker:
  _initdata_start     0x7DF31E4
  _data1_start        0x8BBDD20
  _initdata_end       0x8BBDD10
Router memory: 510Mb, 535016448 bytes
Program counter profiling:
      PC             Invoked
  ----------------------------------
Interrupt service routine profiling:
  IOAPIC IntCaught IntBlockd      TotalCycle   AvgCycles Name
  ------------------------------------------------------------------
Probes profiling:
     Invoked     TotalCycle      AvgCycles Caller PC / Name
  ---------------------------------------------------------------------
  2341014975 54697439009083          23364 0x00287D01/ISR raise level
  2341013928 114104945858909          48741 0x00287D69/ISR reset level
         263       12706413          48313 0x00277874/ISR set level
  1334040478  1321889270524            990 0x0015AE3F/PIC 0 (timer)
  1334040478   875283614608            656 0x0015A275/PC ISR clock tick
           2      171913515       85956757 0x002203AA/Buffer init
           1    15482676875    15482676875 0x0015948E/Filesys pre init
           3     5269471768     1756490589 0x001615BA/PCI discover
       42472     1446973073          34068 0x00162875/VirtIO req
      386493       42577049            110 0x00163114/VirtIO ring alloc
       42472     1212987205          28559 0x0016332A/VirtIO ring write
       42472     1207474546          28429 0x00165A98/VirtIO ring write done
       42471   138748645848        3266903 0x00162996/VirtIO queue read
       42471   101596290614        2392133 0x00162996/VirtIO queue read wait
       42471    37107230687         873707 0x00165D37/VirtIO ring read done
     4378847  6998863410848        1598334 0x0015B83F/PIC 10 (pci)
     1506706  2430194984769        1612919 0x0015B93F/PIC 11 (pci)
           1     3300613626     3300613626 0x0113CB0C/PD interface init
           1     5274167528     5274167528 0x03EAA3C0/Interface init
           1       12866272       12866272 0x0113CE2D/Filesys init
           1       23411799       23411799 0x0113CCF9/Line init
    18143845  3480368424211         191820 0x03EB2C00/AUX/CON poller
    18143845  1719391319203          94764 0x001319BD/TTY read
     9710598 12149447546155        1251153 0x03EB2C00/e1000 sw poller
    62612124              0              0 0x00000000/VIRTIO ack
       56895   102485216352        1801304 0x0015BD3F/PIC 15 (harddisk)
           1   160101050089   160101050089 0x03EB2C00/Code sign
        4767     6501020450        1363755 0x001319BD/TTY read thre
           1     1500644409     1500644409 0x011F6A44/E1000 BIA record
        2935      651935583         222124 0x001319BD/TTY read to
           5       45955839        9191167 0x001319BD/TTY read avail
           7        1149292         164184 0x0015EF3F/PC profiling
% CPU profiling needs to be enabled via;
    'test platform profile start'
CPU information:
  Running at 2199 ticks per millisecond
  Watchdog is not present
CPU capabilities:
      Supported,  MSR (Model Specific Register)
      Supported,  APIC (Advanced Programmable Interrupt Controller)
      Supported,  SSE3
      Supported,  PCL-MUL
  NOT supported,  DTES-64
  NOT supported,  MONITOR
  NOT supported,  DS CPL
      Supported,  VMX
  NOT supported,  SMX
  NOT supported,  EST
  NOT supported,  TM2
      Supported,  SSSE3
  NOT supported,  CID
      Supported,  FMA
      Supported,  CX16
  NOT supported,  ETPRD
  NOT supported,  PDCM
  NOT supported,  DCA
      Supported,  SSE4.1
      Supported,  SSE4.2
      Supported,  X2-APIC
      Supported,  MOVBE
      Supported,  POP-CNT
      Supported,  AES
      Supported,  X-SAVE
  NOT supported,  OSX-SAVE
      Supported,  AVX
      Supported,  FPU
      Supported,  VME
      Supported,  DE
      Supported,  PSE
      Supported,  TSC
      Supported,  PAE
      Supported,  MCE
      Supported,  CX8
      Supported,  SEP
      Supported,  MTRR
      Supported,  PGE
      Supported,  MCA
      Supported,  CMOV
      Supported,  PAT
      Supported,  PSE36
  NOT supported,  PSN
      Supported,  CLF
  NOT supported,  DTES
  NOT supported,  ACPI
      Supported,  MMX
      Supported,  FXSR
      Supported,  SSE
      Supported,  SSE2
      Supported,  SS
  NOT supported,  HTT
  NOT supported,  TM1
  NOT supported,  IA-64
  NOT supported,  PBE
CPU controllers:
  APIC: base FEE00900, ID 0
    Physical ID                              Offset 0x020/32, raw data: 00000000
      APIC ID                                  00000000 (0)
    Version                                  Offset 0x030/48, raw data: 00050014
      Version                                  00000014 (20)
      Reserved                                 00000000 (0)
      Lvt Count                                00000005 (5)
      Reserved                                 00000000 (0)
      Reserved                                 00050014 (327700)
      Reserved                                 00050014 (327700)
      Reserved                                 00050014 (327700)
    TPR (Task Priority Register)             Offset 0x080/128, raw data: 00000000
      Priority                                 00000000 (0)
    APR (Arbitration priority register)      Offset 0x090/144, raw data: 00000000
      Priority                                 00000000 (0)
    PPR (Processor Priority Register)        Offset 0x0A0/160, raw data: 00000000
      Priority                                 00000000 (0)
    EOI (End of Interrupt Register)          Offset 0x0B0/176, raw data: 00000000
      EOI                                      00000000 (0)
    LDR (Logical Destination Register)       Offset 0x0D0/208, raw data: 00000000
      Logical Dest                             00000000 (0)
    DFR (Destination Format Register)        Offset 0x0E0/224, raw data: FFFFFFFF
      Model                                    0000000F (15)
    SVR (Spurious Vector Register)           Offset 0x0F0/240, raw data: 000001FF
      Spurious Vector                          000000FF (255)
      APIC Enabled                             00000001 (1)
      CPU                                      00000000 (0)
      Reserved                                 00000000 (0)
      Reserved                                 000001FF (511)
      Reserved                                 000001FF (511)
      Reserved                                 000001FF (511)
    ISR (In-service Register)                Offset 0x100/256, raw data: 00000000
      [0] bitfield                             00000000 (0)
      [1] bitfield                             00000000 (0)
      [2] bitfield                             00000000 (0)
      [3] bitfield                             00000000 (0)
      [4] bitfield                             00000000 (0)
      [5] bitfield                             00000000 (0)
      [6] bitfield                             00000000 (0)
      [7] bitfield                             00000000 (0)
    TMR (Trigger Mode Register)              Offset 0x180/384, raw data: 00000000
      [0] bitfield                             00000000 (0)
      [1] bitfield                             00000000 (0)
      [2] bitfield                             00000000 (0)
      [3] bitfield                             00000000 (0)
      [4] bitfield                             00000000 (0)
      [5] bitfield                             00000000 (0)
      [6] bitfield                             00000000 (0)
      [7] bitfield                             00000000 (0)
    IRR (Interrupt Request Register)         Offset 0x200/512, raw data: 00000000
      [0] bitfield                             00000000 (0)
      [1] bitfield                             00000000 (0)
      [2] bitfield                             00000000 (0)
      [3] bitfield                             00000000 (0)
      [4] bitfield                             00000000 (0)
      [5] bitfield                             00000000 (0)
      [6] bitfield                             00000000 (0)
      [7] bitfield                             00000000 (0)
    ESR (Error Status Register)              Offset 0x280/640, raw data: 00000000
      Send                                     00000000 (0)
      Receive                                  00000000 (0)
      Send Accept                              00000000 (0)
      Receive Accept                           00000000 (0)
      Send Illegal                             00000000 (0)
      Receive Illegal Vector                   00000000 (0)
      Illegal Reg Address                      00000000 (0)
      Errors                                   00000000 (0)
    ICR1 (Interrupt Command Register)        Offset 0x300/768, raw data: 000C4610
      Int Vector                               00000010 (16)
      Delivery Mode                            00000006 (6)
      Destination Mode                         00000000 (0)
      Delivery Status                          00000000 (0)
      Reserved                                 00000000 (0)
      Level                                    00000001 (1)
      Trigger                                  00000000 (0)
      Reserved                                 00000000 (0)
      Shorthand                                00000003 (3)
      Reserved                                 00000000 (0)
    ICR2 (Interrupt Command Register)        Offset 0x310/784, raw data: 00000000
      destination                              00000000 (0)
    Level Trigger Timer                      Offset 0x320/800, raw data: 00010000
      Int Vector                               00000000 (0)
      Delivery Status                          00000000 (0)
      Mask                                     00000001 (1)
      Timer Mode                               00000000 (0)
    Level Trigger Thermal                    Offset 0x330/816, raw data: 00010000
      Int Vector                               00000000 (0)
      Delivery Mode                            00000000 (0)
      Delivery Status                          00000000 (0)
      Mask                                     00000001 (1)
    Level Trigger PC                         Offset 0x340/832, raw data: 00010000
      Interrupt Vector                         00000000 (0)
      Delivery Mode                            00000000 (0)
      Delivery Status                          00000000 (0)
    Level Trigger LINT0                      Offset 0x350/848, raw data: 00008700
      Interrupt Vector                         00000000 (0)
      Delivery Mode (ExtInt)                   00000007 (7)
      Reserved                                 00000000 (0)
      Delivery Status                          00000000 (0)
      Polarity                                 00000000 (0)
      Remote IRR                               00000000 (0)
      Trigger (Level)                          00000001 (1)
      Mask                                     00000000 (0)
      Reserved                                 00000000 (0)
    Level Trigger LINT1                      Offset 0x360/864, raw data: 00008400
      Interrupt Vector                         00000000 (0)
      Delivery Mode (NMI)                      00000004 (4)
      Reserved                                 00000000 (0)
      Delivery Status                          00000000 (0)
      polarity                                 00000000 (0)
      Remote IRR                               00000000 (0)
      Trigger (Level)                          00000001 (1)
      Mask                                     00000000 (0)
      Reserved                                 00000000 (0)
    Level Trigger Error                      Offset 0x370/880, raw data: 00010000
      Interrupt Vector                         00000000 (0)
      Delivery Status                          00000000 (0)
      Mask                                     00000001 (1)
    Timer ICR (Interrupt Command Register)   Offset 0x380/896, raw data: 00000000
      Initial count                            00000000 (0)
    Timer CCR (Current Count Register)       Offset 0x390/912, raw data: 00000000
      Current Count                            00000000 (0)
    Timer DCR (Divide Config Register)       Offset 0x3E0/992, raw data: 00000000
      Divisor                                  00000000 (0)
Total physical DRAM 522477K bytes
SRT203#echo

--------------------------------------------------------------------------------
 Command: show inventory
--------------------------------------------------------------------------------
it on this terminal by typing
NAME: "IOSv", DESCR: "IOSv chassis, Hw Serial#: 9Q19H2PS2T2DN6JPYKG5Y, Hw Revision: 1.0"
PID: IOSv              , VID: 1.0, SN: 9Q19H2PS2T2DN6JPYKG5Y
SRT203#echo

--------------------------------------------------------------------------------
 Command: show redundancy
--------------------------------------------------------------------------------
it on this terminal by typing
Redundant System Information :
------------------------------
       Available system uptime = 0 minutes
Switchovers system experienced = 0
              Standby failures = 0
        Last switchover reason = unsupported
                 Hardware Mode = Simplex
              Maintenance Mode = Disabled
                Communications = Down      Reason: Failure
Current Processor Information :
-------------------------------
               Active Location = slot 0
        Current Software state = ACTIVE
       Uptime in current state = 2 weeks, 1 day, 10 hours, 33 minutes
                 Image Version = Cisco IOS Software, IOSv Software (VIOS-ADVENTERPRISEK9-M), Version 15.9(3)M4, RELEASE SOFTWARE (fc3)
Technical Support: http://www.cisco.com/techsupport
Copyright (c) 1986-2021 by Cisco Systems, Inc.
Compiled Wed 04-Aug-21 08:13 by mcpre
        Configuration register = 0x0
Peer (slot: 0) information is not available because it is in 'DISABLED' state
SRT203#echo

--------------------------------------------------------------------------------
 Command: show ip interface brief
--------------------------------------------------------------------------------
it on this terminal by typing
Interface                  IP-Address      OK? Method Status                Protocol
GigabitEthernet0/0         10.202.203.2    YES TFTP   up                    up      
GigabitEthernet0/1         10.203.204.1    YES TFTP   up                    up      
GigabitEthernet0/2         172.203.203.1   YES manual up                    up      
GigabitEthernet0/3         unassigned      YES TFTP   administratively down down    
Loopback0                  1.1.200.203     YES TFTP   up                    up      
Loopback10                 172.10.1.203    YES manual up                    up      
Loopback50                 203.50.1.1      YES TFTP   up                    up      
Loopback100                203.100.1.1     YES TFTP   up                    up      
Loopback2200               1.22.200.203    YES TFTP   up                    up      
SRT203#echo

--------------------------------------------------------------------------------
 Command: show interfaces description
--------------------------------------------------------------------------------
it on this terminal by typing
Interface                      Status         Protocol Description
Gi0/0                          up             up       "To SRT202"
Gi0/1                          up             up       "To SRT204"
Gi0/2                          up             up       
Gi0/3                          admin down     down     
Lo0                            up             up       "RouterID"
Lo10                           up             up       
Lo50                           up             up       
Lo100                          up             up       
Lo2200                         up             up       "RouterID"
SRT203#echo

--------------------------------------------------------------------------------
 Command: show interfaces status
--------------------------------------------------------------------------------
it on this terminal by typing
                           ^
% Invalid input detected at '^' marker.
SRT203#echo

--------------------------------------------------------------------------------
 Command: show ip ospf neighbor
--------------------------------------------------------------------------------
it on this terminal by typing
Neighbor ID     Pri   State           Dead Time   Address         Interface
1.22.200.204      0   FULL/  -        00:00:39    10.203.204.2    GigabitEthernet0/1
1.22.200.202      0   FULL/  -        00:00:35    10.202.203.1    GigabitEthernet0/0
SRT203#echo

--------------------------------------------------------------------------------
 Command: show ip ospf interface brief
--------------------------------------------------------------------------------
it on this terminal by typing
Interface    PID   Area            IP Address/Mask    Cost  State Nbrs F/C
Lo2200       2200  0               1.22.200.203/32    1     P2P   0/0
Gi0/1        2200  0               10.203.204.1/30    1     P2P   1/1
Gi0/0        2200  0               10.202.203.2/30    1     P2P   1/1
SRT203#echo

--------------------------------------------------------------------------------
 Command: show bgp summary
--------------------------------------------------------------------------------
it on this terminal by typing
BGP router identifier 1.22.200.203, local AS number 65000
BGP table version is 9088, main routing table version 9088
19 network entries using 2736 bytes of memory
37 path entries using 3108 bytes of memory
27/14 BGP path/bestpath attribute entries using 4320 bytes of memory
46 BGP rrinfo entries using 1600 bytes of memory
5 BGP community entries using 120 bytes of memory
5 BGP extended community entries using 120 bytes of memory
0 BGP route-map cache entries using 0 bytes of memory
0 BGP filter-list cache entries using 0 bytes of memory
BGP using 12004 total bytes of memory
BGP activity 389/314 prefixes, 1329/1207 paths, scan interval 60 secs
Neighbor        V           AS MsgRcvd MsgSent   TblVer  InQ OutQ Up/Down  State/PfxRcd
1.1.200.201     4        65000   22595   13386     9088    0    0 1w1d           18
1.1.200.204     4        65000   24326   13392     9088    0    0 1w1d           18
SRT203#echo

--------------------------------------------------------------------------------
 Command: show bgp vpnv4 unicast all summary
--------------------------------------------------------------------------------
it on this terminal by typing
BGP router identifier 1.22.200.203, local AS number 65000
BGP table version is 3986, main routing table version 3986
56 network entries using 8736 bytes of memory
85 path entries using 7140 bytes of memory
7/7 BGP path/bestpath attribute entries using 1176 bytes of memory
46 BGP rrinfo entries using 1600 bytes of memory
5 BGP community entries using 120 bytes of memory
5 BGP extended community entries using 120 bytes of memory
0 BGP route-map cache entries using 0 bytes of memory
0 BGP filter-list cache entries using 0 bytes of memory
BGP using 18892 total bytes of memory
BGP activity 389/314 prefixes, 1329/1207 paths, scan interval 60 secs
Neighbor        V           AS MsgRcvd MsgSent   TblVer  InQ OutQ Up/Down  State/PfxRcd
1.1.200.201     4        65000   22595   13386     3986    0    0 1w1d           29
1.1.200.204     4        65000   24326   13392     3986    0    0 1w1d           29
SRT203#echo

--------------------------------------------------------------------------------
 Command: show mpls ldp neighbor
--------------------------------------------------------------------------------
it on this terminal by typing
    Peer LDP Ident: 1.1.200.204:0; Local LDP Ident 1.22.200.203:0
	TCP connection: 1.1.200.204.646 - 1.22.200.203.38929
	State: Oper; Msgs sent/rcvd: 31298/31107; Downstream
	Up time: 1w1d
	LDP discovery sources:
	  GigabitEthernet0/1, Src IP addr: 10.203.204.2
	  Targeted Hello 1.22.200.203 -> 1.1.200.204, active, passive
        Addresses bound to peer LDP Ident:
          1.1.200.204     1.22.200.204    10.203.204.2    10.201.204.2    
          10.202.204.2    20.24.204.2     
    Peer LDP Ident: 1.22.200.202:0; Local LDP Ident 1.22.200.203:0
	TCP connection: 1.22.200.202.646 - 1.22.200.203.57381
	State: Oper; Msgs sent/rcvd: 1216/1215; Downstream
	Up time: 07:47:31
	LDP discovery sources:
	  GigabitEthernet0/0, Src IP addr: 10.202.203.1
	  Targeted Hello 1.22.200.203 -> 1.22.200.202, active, passive
        Addresses bound to peer LDP Ident:
          1.1.200.202     1.22.200.202    10.201.202.2    10.202.203.1    
          10.202.204.1    
SRT203#echo

--------------------------------------------------------------------------------
 Command: show mpls forwarding-table summary
--------------------------------------------------------------------------------
it on this terminal by typing
                                   ^
% Invalid input detected at '^' marker.
SRT203#echo

--------------------------------------------------------------------------------
 Command: show mpls interfaces
--------------------------------------------------------------------------------
it on this terminal by typing
Interface              IP            Tunnel   BGP Static Operational
GigabitEthernet0/0     Yes (ldp)     No       No  No     Yes        
GigabitEthernet0/1     Yes (ldp)     No       No  No     Yes        
SRT203#echo

--------------------------------------------------------------------------------
 Command: show vrf
--------------------------------------------------------------------------------
it on this terminal by typing
  Name                             Default RD            Protocols   Interfaces
  VPN_ADMS                         65000:100             ipv4        Lo100
  VPN_Data_Apps                    65000:10              ipv4        Lo10
  VPN_Scada                        65000:50              ipv4        Lo50
                                                                     Gi0/2
SRT203#echo

--------------------------------------------------------------------------------
 Command: show ip route vrf * summary
--------------------------------------------------------------------------------
it on this terminal by typing
% IP routing table vrf * does not exist
SRT203#echo

--------------------------------------------------------------------------------
 Command: show xconnect all
--------------------------------------------------------------------------------
it on this terminal by typing
Legend:    XC ST=Xconnect State  S1=Segment1 State  S2=Segment2 State
  UP=Up       DN=Down            AD=Admin Down      IA=Inactive
  SB=Standby  HS=Hot Standby     RV=Recovering      NH=No Hardware
XC ST  Segment 1                         S1 Segment 2                         S2
------+---------------------------------+--+---------------------------------+--
SRT203#echo

--------------------------------------------------------------------------------
 Command: show l2vpn service all
--------------------------------------------------------------------------------
it on this terminal by typing
                  ^
% Invalid input detected at '^' marker.
SRT203#echo

--------------------------------------------------------------------------------
 Command: show bfd neighbors
--------------------------------------------------------------------------------
it on this terminal by typing
SRT203#echo

--------------------------------------------------------------------------------
 Command: show logging | tail 50
--------------------------------------------------------------------------------
it on this terminal by typing
                       ^
% Invalid input detected at '^' marker.
SRT203#echo

--------------------------------------------------------------------------------
 Command: show running-config
--------------------------------------------------------------------------------
it on this terminal by typing
Building configuration...
Current configuration : 7658 bytes
!
! Last configuration change at 03:45:20 UTC Sun Jan 18 2026
!
version 15.9
service timestamps debug datetime msec
service timestamps log datetime msec
no service password-encryption
!
hostname SRT203
!
boot-start-marker
boot-end-marker
!
!
vrf definition VPN_ADMS
 description { MERALCO ADMS VRF }
 rd 65000:100
 route-target export 65000:101
 route-target import 65000:100
 !
 address-family ipv4
 exit-address-family
!
vrf definition VPN_Data_Apps
 description { Enterprise data (LAN, WLAN, IP Phones, Applications) }
 rd 65000:10
 route-target export 65000:10
 route-target import 65000:10
 route-target import 65000:20
 !
 address-family ipv4
 exit-address-family
!
vrf definition VPN_Scada
 description { Meralco Scada }
 rd 65000:50
 route-target export 65000:50
 route-target import 65000:50
 !
 address-family ipv4
 exit-address-family
!
no logging console
!
no aaa new-model
!
!
!
mmi polling-interval 60
no mmi auto-configure
no mmi pvc
mmi snmp-timeout 180
!
!
!
!
!
!
!
!
!
!
!
no ip domain lookup
ip domain name meralco.com.ph
ip cef
no ipv6 cef
!
multilink bundle-name authenticated
mpls label protocol ldp
mpls ldp backoff 5 10
mpls ldp explicit-null
mpls ldp graceful-restart timers neighbor-liveness 300
mpls ldp graceful-restart timers max-recovery 600
mpls ldp graceful-restart
mpls ldp session protection
mpls ldp igp sync holddown 2000
mpls ldp holdtime 80
mpls ldp discovery hello interval 15
mpls ldp discovery hello holdtime 45
mpls ldp discovery targeted-hello accept
!
!
!
!
username admin privilege 15 password 0 admin123
username meralco privilege 15 secret 9 $9$W24mSYG99OOGwv$HsZORqEYwqCXBgdkLyVOQnpT.HC7FG45cpEAcQB1uo2
!
redundancy
bfd-template multi-hop BFD-BGP
 interval min-tx 950 min-rx 950 multiplier 3
 dampening 3 1500 3000 5
!
!
!
! 
!
!
!
!
!
!
!
!
!
!
!
!
interface Loopback0
 description "RouterID"
 ip address 1.1.200.203 255.255.255.255
!
interface Loopback10
 vrf forwarding VPN_Data_Apps
 ip address 172.10.1.203 255.255.255.255
!
interface Loopback50
 vrf forwarding VPN_Scada
 ip address 203.50.1.1 255.255.255.0
!
interface Loopback100
 vrf forwarding VPN_ADMS
 ip address 203.100.1.1 255.255.255.0
!
interface Loopback2200
 description "RouterID"
 ip address 1.22.200.203 255.255.255.255
 ip ospf network point-to-point
 ip ospf 2200 area 0
!
interface GigabitEthernet0/0
 description "To SRT202"
 dampening
 mtu 9192
 ip address 10.202.203.2 255.255.255.252
 ip ospf authentication message-digest
 ip ospf message-digest-key 1 md5 cisco
 ip ospf network point-to-point
 ip ospf 2200 area 0
 load-interval 30
 carrier-delay msec 0
 duplex auto
 speed auto
 media-type rj45
 mpls ldp igp sync delay 25
 mpls ip
 bfd interval 100 min_rx 100 multiplier 3
 no bfd echo
!
interface GigabitEthernet0/1
 description "To SRT204"
 dampening
 mtu 9192
 ip address 10.203.204.1 255.255.255.252
 ip ospf authentication message-digest
 ip ospf message-digest-key 1 md5 cisco
 ip ospf network point-to-point
 ip ospf 2200 area 0
 load-interval 30
 carrier-delay msec 0
 duplex auto
 speed auto
 media-type rj45
 mpls ldp igp sync delay 25
 mpls ip
 bfd interval 100 min_rx 100 multiplier 3
 no bfd echo
!
interface GigabitEthernet0/2
 vrf forwarding VPN_Scada
 ip address 172.203.203.1 255.255.255.0
 duplex auto
 speed auto
 media-type rj45
!
interface GigabitEthernet0/3
 no ip address
 shutdown
 duplex auto
 speed auto
 media-type rj45
!
router ospf 2200
 mpls ldp sync
 router-id 1.22.200.203
 max-metric router-lsa on-startup 100
 ispf
 timers throttle spf 5 50 5000
 timers throttle lsa 0 20 5000
 timers lsa arrival 15
 passive-interface Loopback2200
!
router bgp 65000
 bgp router-id 1.22.200.203
 bgp log-neighbor-changes
 bgp graceful-restart
 no bgp default ipv4-unicast
 neighbor ME-AGG-IBGP-GRP peer-group
 neighbor ME-AGG-IBGP-GRP remote-as 65000
 neighbor ME-AGG-IBGP-GRP update-source Loopback2200
 neighbor 1.1.200.201 peer-group ME-AGG-IBGP-GRP
 neighbor 1.1.200.204 peer-group ME-AGG-IBGP-GRP
 !
 address-family ipv4
  bgp nexthop trigger delay 0
  network 1.22.200.203 mask 255.255.255.255 route-map SET-ASR920-COMM
  neighbor ME-AGG-IBGP-GRP send-community
  neighbor ME-AGG-IBGP-GRP aigp
  neighbor ME-AGG-IBGP-GRP route-map SB-STN-OUT out
  neighbor ME-AGG-IBGP-GRP send-label
  neighbor 1.1.200.201 activate
  neighbor 1.1.200.204 activate
 exit-address-family
 !
 address-family vpnv4
  bgp nexthop trigger delay 20
  neighbor ME-AGG-IBGP-GRP send-community extended
  neighbor 1.1.200.201 activate
  neighbor 1.1.200.204 activate
 exit-address-family
 !
 address-family ipv4 vrf VPN_ADMS
  redistribute connected
 exit-address-family
 !
 address-family ipv4 vrf VPN_Data_Apps
  redistribute connected
 exit-address-family
 !
 address-family ipv4 vrf VPN_Scada
  redistribute connected
 exit-address-family
!
ip forward-protocol nd
!
ip bgp-community new-format
ip community-list standard ALL-LOOPBACK-COMM permit 65000:65001
ip community-list standard ALL-LOOPBACK-COMM permit 65000:65002
ip community-list standard ALL-LOOPBACK-COMM permit 65000:65003
!
no ip http server
no ip http secure-server
ip ssh source-interface Loopback10
ip ssh version 2
ip ssh server algorithm encryption 3des-cbc aes128-ctr aes192-ctr aes256-ctr aes128-cbc aes192-cbc aes256-cbc
ip ssh client algorithm encryption 3des-cbc aes128-ctr aes192-ctr aes256-ctr aes128-cbc aes192-cbc aes256-cbc
!
ipv6 ioam timestamp
!
route-map SB-STN-OUT permit 10
 match community ALL-LOOPBACK-COMM
 set mpls-label
!
route-map SET-ASR920-COMM permit 10
 set aigp-metric igp-metric
 set community 65000:65003
!
route-map RED-CONN permit 10
 match interface Loopback0
 set tag 50
!
!
mpls ldp router-id Loopback2200
!
control-plane
!
banner exec ^CCCCC
**************************************************************************
* IOSv is strictly limited to use for evaluation, demonstration and IOS  *
* education. IOSv is provided as-is and is not supported by Cisco's      *
* Technical Advisory Center. Any use or disclosure, in whole or in part, *
* of the IOSv Software or Documentation to any third party for any       *
* purposes is expressly prohibited except as otherwise authorized by     *
* Cisco in writing.                                                      *
**************************************************************************^C
banner incoming ^CCCCC
**************************************************************************
* IOSv is strictly limited to use for evaluation, demonstration and IOS  *
* education. IOSv is provided as-is and is not supported by Cisco's      *
* Technical Advisory Center. Any use or disclosure, in whole or in part, *
* of the IOSv Software or Documentation to any third party for any       *
* purposes is expressly prohibited except as otherwise authorized by     *
* Cisco in writing.                                                      *
**************************************************************************^C
banner login ^CCCCC
**************************************************************************
* IOSv is strictly limited to use for evaluation, demonstration and IOS  *
* education. IOSv is provided as-is and is not supported by Cisco's      *
* Technical Advisory Center. Any use or disclosure, in whole or in part, *
* of the IOSv Software or Documentation to any third party for any       *
* purposes is expressly prohibited except as otherwise authorized by     *
* Cisco in writing.                                                      *
**************************************************************************^C
!
line con 0
 exec-timeout 0 0
line aux 0
line vty 0 4
 exec-timeout 0 0
 login local
 transport input ssh
!
no scheduler allocate
!
end
SRT203#echo

================================================================================
